<?xml version="1.0" encoding="UTF-8"?>
<testng-results ignored="0" total="14" passed="14" failed="0" skipped="0">
  <reporter-output>
  </reporter-output>
  <suite started-at="2025-03-20T02:08:46 CET" name="Default suite" finished-at="2025-03-20T02:08:49 CET" duration-ms="2739">
    <groups>
      <group name="cucumber">
        <method signature="AbstractTestNGCucumberTests.runScenario(io.cucumber.testng.PickleWrapper,io.cucumber.testng.FeatureWrapper)[pri:0, instance:Classes.testNGRunner@59309333]" name="runScenario" class="io.cucumber.testng.AbstractTestNGCucumberTests"/>
      </group> <!-- cucumber -->
    </groups>
    <test started-at="2025-03-20T02:08:46 CET" name="Default test" finished-at="2025-03-20T02:08:49 CET" duration-ms="2739">
      <class name="Classes.testNGRunner">
        <test-method is-config="true" signature="setUpClass(org.testng.ITestContext)[pri:0, instance:Classes.testNGRunner@59309333]" started-at="2025-03-20T02:08:46 CET" name="setUpClass" finished-at="2025-03-20T02:08:46 CET" duration-ms="241" status="PASS">
          <params>
            <param index="0">
              <value>
                <![CDATA[org.testng.TestRunner@540b0448]]>
              </value>
            </param>
          </params>
          <reporter-output>
          </reporter-output>
        </test-method> <!-- setUpClass -->
        <test-method signature="runScenario(io.cucumber.testng.PickleWrapper,io.cucumber.testng.FeatureWrapper)[pri:0, instance:Classes.testNGRunner@59309333]" started-at="2025-03-20T02:08:46 CET" name="runScenario" description="Runs Cucumber Scenarios" data-provider="scenarios" finished-at="2025-03-20T02:08:49 CET" duration-ms="2369" status="PASS">
          <params>
            <param index="0">
              <value>
                <![CDATA["standard Login"]]>
              </value>
            </param>
            <param index="1">
              <value>
                <![CDATA["Standard User Login"]]>
              </value>
            </param>
          </params>
          <reporter-output>
          </reporter-output>
        </test-method> <!-- runScenario -->
        <test-method signature="runScenario(io.cucumber.testng.PickleWrapper,io.cucumber.testng.FeatureWrapper)[pri:0, instance:Classes.testNGRunner@59309333]" started-at="2025-03-20T02:08:49 CET" name="runScenario" description="Runs Cucumber Scenarios" data-provider="scenarios" finished-at="2025-03-20T02:08:49 CET" duration-ms="11" status="PASS">
          <params>
            <param index="0">
              <value>
                <![CDATA["Add to cart"]]>
              </value>
            </param>
            <param index="1">
              <value>
                <![CDATA["Standard User Login"]]>
              </value>
            </param>
          </params>
          <reporter-output>
          </reporter-output>
        </test-method> <!-- runScenario -->
        <test-method signature="runScenario(io.cucumber.testng.PickleWrapper,io.cucumber.testng.FeatureWrapper)[pri:0, instance:Classes.testNGRunner@59309333]" started-at="2025-03-20T02:08:49 CET" name="runScenario" description="Runs Cucumber Scenarios" data-provider="scenarios" finished-at="2025-03-20T02:08:49 CET" duration-ms="10" status="PASS">
          <params>
            <param index="0">
              <value>
                <![CDATA["Remove from Cart"]]>
              </value>
            </param>
            <param index="1">
              <value>
                <![CDATA["Standard User Login"]]>
              </value>
            </param>
          </params>
          <reporter-output>
          </reporter-output>
        </test-method> <!-- runScenario -->
        <test-method signature="runScenario(io.cucumber.testng.PickleWrapper,io.cucumber.testng.FeatureWrapper)[pri:0, instance:Classes.testNGRunner@59309333]" started-at="2025-03-20T02:08:49 CET" name="runScenario" description="Runs Cucumber Scenarios" data-provider="scenarios" finished-at="2025-03-20T02:08:49 CET" duration-ms="12" status="PASS">
          <params>
            <param index="0">
              <value>
                <![CDATA["Article details"]]>
              </value>
            </param>
            <param index="1">
              <value>
                <![CDATA["Standard User Login"]]>
              </value>
            </param>
          </params>
          <reporter-output>
          </reporter-output>
        </test-method> <!-- runScenario -->
        <test-method signature="runScenario(io.cucumber.testng.PickleWrapper,io.cucumber.testng.FeatureWrapper)[pri:0, instance:Classes.testNGRunner@59309333]" started-at="2025-03-20T02:08:49 CET" name="runScenario" description="Runs Cucumber Scenarios" data-provider="scenarios" finished-at="2025-03-20T02:08:49 CET" duration-ms="5" status="PASS">
          <params>
            <param index="0">
              <value>
                <![CDATA["Add to cart"]]>
              </value>
            </param>
            <param index="1">
              <value>
                <![CDATA["Standard User Login"]]>
              </value>
            </param>
          </params>
          <reporter-output>
          </reporter-output>
        </test-method> <!-- runScenario -->
        <test-method signature="runScenario(io.cucumber.testng.PickleWrapper,io.cucumber.testng.FeatureWrapper)[pri:0, instance:Classes.testNGRunner@59309333]" started-at="2025-03-20T02:08:49 CET" name="runScenario" description="Runs Cucumber Scenarios" data-provider="scenarios" finished-at="2025-03-20T02:08:49 CET" duration-ms="8" status="PASS">
          <params>
            <param index="0">
              <value>
                <![CDATA["Go to cart"]]>
              </value>
            </param>
            <param index="1">
              <value>
                <![CDATA["Standard User Login"]]>
              </value>
            </param>
          </params>
          <reporter-output>
          </reporter-output>
        </test-method> <!-- runScenario -->
        <test-method signature="runScenario(io.cucumber.testng.PickleWrapper,io.cucumber.testng.FeatureWrapper)[pri:0, instance:Classes.testNGRunner@59309333]" started-at="2025-03-20T02:08:49 CET" name="runScenario" description="Runs Cucumber Scenarios" data-provider="scenarios" finished-at="2025-03-20T02:08:49 CET" duration-ms="4" status="PASS">
          <params>
            <param index="0">
              <value>
                <![CDATA["Checkout"]]>
              </value>
            </param>
            <param index="1">
              <value>
                <![CDATA["Standard User Login"]]>
              </value>
            </param>
          </params>
          <reporter-output>
          </reporter-output>
        </test-method> <!-- runScenario -->
        <test-method signature="runScenario(io.cucumber.testng.PickleWrapper,io.cucumber.testng.FeatureWrapper)[pri:0, instance:Classes.testNGRunner@59309333]" started-at="2025-03-20T02:08:49 CET" name="runScenario" description="Runs Cucumber Scenarios" data-provider="scenarios" finished-at="2025-03-20T02:08:49 CET" duration-ms="8" status="PASS">
          <params>
            <param index="0">
              <value>
                <![CDATA["Checkout: Your Information"]]>
              </value>
            </param>
            <param index="1">
              <value>
                <![CDATA["Standard User Login"]]>
              </value>
            </param>
          </params>
          <reporter-output>
          </reporter-output>
        </test-method> <!-- runScenario -->
        <test-method signature="runScenario(io.cucumber.testng.PickleWrapper,io.cucumber.testng.FeatureWrapper)[pri:0, instance:Classes.testNGRunner@59309333]" started-at="2025-03-20T02:08:49 CET" name="runScenario" description="Runs Cucumber Scenarios" data-provider="scenarios" finished-at="2025-03-20T02:08:49 CET" duration-ms="3" status="PASS">
          <params>
            <param index="0">
              <value>
                <![CDATA["Checkout: Overview"]]>
              </value>
            </param>
            <param index="1">
              <value>
                <![CDATA["Standard User Login"]]>
              </value>
            </param>
          </params>
          <reporter-output>
          </reporter-output>
        </test-method> <!-- runScenario -->
        <test-method signature="runScenario(io.cucumber.testng.PickleWrapper,io.cucumber.testng.FeatureWrapper)[pri:0, instance:Classes.testNGRunner@59309333]" started-at="2025-03-20T02:08:49 CET" name="runScenario" description="Runs Cucumber Scenarios" data-provider="scenarios" finished-at="2025-03-20T02:08:49 CET" duration-ms="5" status="PASS">
          <params>
            <param index="0">
              <value>
                <![CDATA["Back Home"]]>
              </value>
            </param>
            <param index="1">
              <value>
                <![CDATA["Standard User Login"]]>
              </value>
            </param>
          </params>
          <reporter-output>
          </reporter-output>
        </test-method> <!-- runScenario -->
        <test-method signature="runScenario(io.cucumber.testng.PickleWrapper,io.cucumber.testng.FeatureWrapper)[pri:0, instance:Classes.testNGRunner@59309333]" started-at="2025-03-20T02:08:49 CET" name="runScenario" description="Runs Cucumber Scenarios" data-provider="scenarios" finished-at="2025-03-20T02:08:49 CET" duration-ms="5" status="PASS">
          <params>
            <param index="0">
              <value>
                <![CDATA["Change Sorting filters"]]>
              </value>
            </param>
            <param index="1">
              <value>
                <![CDATA["Standard User Login"]]>
              </value>
            </param>
          </params>
          <reporter-output>
          </reporter-output>
        </test-method> <!-- runScenario -->
        <test-method signature="runScenario(io.cucumber.testng.PickleWrapper,io.cucumber.testng.FeatureWrapper)[pri:0, instance:Classes.testNGRunner@59309333]" started-at="2025-03-20T02:08:49 CET" name="runScenario" description="Runs Cucumber Scenarios" data-provider="scenarios" finished-at="2025-03-20T02:08:49 CET" duration-ms="3" status="PASS">
          <params>
            <param index="0">
              <value>
                <![CDATA["All Items"]]>
              </value>
            </param>
            <param index="1">
              <value>
                <![CDATA["Standard User Login"]]>
              </value>
            </param>
          </params>
          <reporter-output>
          </reporter-output>
        </test-method> <!-- runScenario -->
        <test-method signature="runScenario(io.cucumber.testng.PickleWrapper,io.cucumber.testng.FeatureWrapper)[pri:0, instance:Classes.testNGRunner@59309333]" started-at="2025-03-20T02:08:49 CET" name="runScenario" description="Runs Cucumber Scenarios" data-provider="scenarios" finished-at="2025-03-20T02:08:49 CET" duration-ms="2" status="PASS">
          <params>
            <param index="0">
              <value>
                <![CDATA["Reset App State"]]>
              </value>
            </param>
            <param index="1">
              <value>
                <![CDATA["Standard User Login"]]>
              </value>
            </param>
          </params>
          <reporter-output>
          </reporter-output>
        </test-method> <!-- runScenario -->
        <test-method signature="runScenario(io.cucumber.testng.PickleWrapper,io.cucumber.testng.FeatureWrapper)[pri:0, instance:Classes.testNGRunner@59309333]" started-at="2025-03-20T02:08:49 CET" name="runScenario" description="Runs Cucumber Scenarios" data-provider="scenarios" finished-at="2025-03-20T02:08:49 CET" duration-ms="2" status="PASS">
          <params>
            <param index="0">
              <value>
                <![CDATA["Logout"]]>
              </value>
            </param>
            <param index="1">
              <value>
                <![CDATA["Standard User Login"]]>
              </value>
            </param>
          </params>
          <reporter-output>
          </reporter-output>
        </test-method> <!-- runScenario -->
        <test-method is-config="true" signature="tearDownClass()[pri:0, instance:Classes.testNGRunner@59309333]" started-at="2025-03-20T02:08:49 CET" name="tearDownClass" finished-at="2025-03-20T02:08:49 CET" duration-ms="18" status="PASS">
          <reporter-output>
          </reporter-output>
        </test-method> <!-- tearDownClass -->
      </class> <!-- Classes.testNGRunner -->
    </test> <!-- Default test -->
  </suite> <!-- Default suite -->
</testng-results>
